#
# There is insufficient memory for the Java Runtime Environment to continue.
# Native memory allocation (malloc) failed to allocate 62096 bytes for Chunk::new
# Possible reasons:
#   The system is out of physical RAM or swap space
#   The process is running with CompressedOops enabled, and the Java Heap may be blocking the growth of the native heap
# Possible solutions:
#   Reduce memory load on the system
#   Increase physical memory or swap space
#   Check if swap backing store is full
#   Decrease Java heap size (-Xmx/-Xms)
#   Decrease number of Java threads
#   Decrease Java thread stack sizes (-Xss)
#   Set larger code cache with -XX:ReservedCodeCacheSize=
#   JVM is running with Zero Based Compressed Oops mode in which the Java heap is
#     placed in the first 32GB address space. The Java Heap base address is the
#     maximum limit for the native heap growth. Please use -XX:HeapBaseMinAddress
#     to set the Java Heap base and to place the Java Heap above 32GB virtual address.
# This output file may be truncated or incomplete.
#
#  Out of Memory Error (arena.cpp:191), pid=19464, tid=6692
#
# JRE version: OpenJDK Runtime Environment Corretto-17.0.10.7.1 (17.0.10+7) (build 17.0.10+7-LTS)
# Java VM: OpenJDK 64-Bit Server VM Corretto-17.0.10.7.1 (17.0.10+7-LTS, mixed mode, sharing, tiered, compressed oops, compressed class ptrs, g1 gc, windows-amd64)
# No core dump will be written. Minidumps are not enabled by default on client versions of Windows
#

---------------  S U M M A R Y ------------

Command Line: -javaagent:C:\Program Files\JetBrains\IntelliJ IDEA Community Edition 2023.2.4\lib\idea_rt.jar=64646:C:\Program Files\JetBrains\IntelliJ IDEA Community Edition 2023.2.4\bin -Dfile.encoding=UTF-8 com.example.demo.DemoApplication

Host: AMD Ryzen 5 5600G with Radeon Graphics         , 12 cores, 15G,  Windows 11 , 64 bit Build 22621 (10.0.22621.3235)
Time: Sun Mar 17 00:17:07 2024 Hora est. Pacífico, Sudamérica elapsed time: 0.119608 seconds (0d 0h 0m 0s)

---------------  T H R E A D  ---------------

Current thread (0x000001632c073330):  JavaThread "C2 CompilerThread0" daemon [_thread_in_native, id=6692, stack(0x0000000d99a00000,0x0000000d99b00000)]


Current CompileTask:
C2:    119  233       4       java.lang.AbstractStringBuilder::ensureCapacityInternal (39 bytes)

Stack: [0x0000000d99a00000,0x0000000d99b00000]
Native frames: (J=compiled Java code, j=interpreted, Vv=VM code, C=native code)
V  [jvm.dll+0x67d2c9]
V  [jvm.dll+0x834b1a]
V  [jvm.dll+0x8365de]
V  [jvm.dll+0x836c43]
V  [jvm.dll+0x2477ff]
V  [jvm.dll+0xac514]
V  [jvm.dll+0xacb5c]
V  [jvm.dll+0x366782]
V  [jvm.dll+0x330bfa]
V  [jvm.dll+0x33009a]
V  [jvm.dll+0x219ef1]
V  [jvm.dll+0x219311]
V  [jvm.dll+0x1a502d]
V  [jvm.dll+0x2290de]
V  [jvm.dll+0x2272ac]
V  [jvm.dll+0x7e9bd7]
V  [jvm.dll+0x7e3fda]
V  [jvm.dll+0x67c1b5]
C  [ucrtbase.dll+0x29363]
C  [KERNEL32.DLL+0x1257d]
C  [ntdll.dll+0x5aa58]


---------------  P R O C E S S  ---------------

Threads class SMR info:
_java_thread_list=0x000001632c1a7660, length=13, elements={
0x0000016306d82770, 0x000001632c050080, 0x000001632c050d10, 0x000001632c063e60,
0x000001632c064930, 0x000001632c067400, 0x000001632c067dc0, 0x000001632c073330,
0x000001632c07bdf0, 0x000001632c07e800, 0x000001632c17aec0, 0x0000016372ff84d0,
0x000001632c386320
}

Java Threads: ( => current thread )
  0x0000016306d82770 JavaThread "main" [_thread_in_native, id=2796, stack(0x0000000d98d00000,0x0000000d98e00000)]
  0x000001632c050080 JavaThread "Reference Handler" daemon [_thread_blocked, id=13816, stack(0x0000000d99400000,0x0000000d99500000)]
  0x000001632c050d10 JavaThread "Finalizer" daemon [_thread_blocked, id=1192, stack(0x0000000d99500000,0x0000000d99600000)]
  0x000001632c063e60 JavaThread "Signal Dispatcher" daemon [_thread_blocked, id=13908, stack(0x0000000d99600000,0x0000000d99700000)]
  0x000001632c064930 JavaThread "Attach Listener" daemon [_thread_blocked, id=22536, stack(0x0000000d99700000,0x0000000d99800000)]
  0x000001632c067400 JavaThread "Service Thread" daemon [_thread_blocked, id=17532, stack(0x0000000d99800000,0x0000000d99900000)]
  0x000001632c067dc0 JavaThread "Monitor Deflation Thread" daemon [_thread_blocked, id=13404, stack(0x0000000d99900000,0x0000000d99a00000)]
=>0x000001632c073330 JavaThread "C2 CompilerThread0" daemon [_thread_in_native, id=6692, stack(0x0000000d99a00000,0x0000000d99b00000)]
  0x000001632c07bdf0 JavaThread "C1 CompilerThread0" daemon [_thread_in_native, id=18344, stack(0x0000000d99b00000,0x0000000d99c00000)]
  0x000001632c07e800 JavaThread "Sweeper thread" daemon [_thread_blocked, id=22796, stack(0x0000000d99c00000,0x0000000d99d00000)]
  0x000001632c17aec0 JavaThread "Common-Cleaner" daemon [_thread_blocked, id=5928, stack(0x0000000d99d00000,0x0000000d99e00000)]
  0x0000016372ff84d0 JavaThread "C2 CompilerThread1" daemon [_thread_new, id=14772, stack(0x0000000d99e00000,0x0000000d99f00000)]
  0x000001632c386320 JavaThread "C2 CompilerThread2" daemon [_thread_new, id=22632, stack(0x0000000d99f00000,0x0000000d9a000000)]

Other Threads:
  0x000001632c049d60 VMThread "VM Thread" [stack: 0x0000000d99300000,0x0000000d99400000] [id=20556]
  0x0000016306df06a0 GCTaskThread "GC Thread#0" [stack: 0x0000000d98e00000,0x0000000d98f00000] [id=10356]
  0x0000016306e012b0 ConcurrentGCThread "G1 Main Marker" [stack: 0x0000000d98f00000,0x0000000d99000000] [id=17144]
  0x0000016306e02470 ConcurrentGCThread "G1 Conc#0" [stack: 0x0000000d99000000,0x0000000d99100000] [id=16312]
  0x000001632bf009a0 ConcurrentGCThread "G1 Refine#0" [stack: 0x0000000d99100000,0x0000000d99200000] [id=18736]
  0x000001632bf011e0 ConcurrentGCThread "G1 Service" [stack: 0x0000000d99200000,0x0000000d99300000] [id=23488]

Threads with active compile tasks:
C2 CompilerThread0      129  233       4       java.lang.AbstractStringBuilder::ensureCapacityInternal (39 bytes)
C1 CompilerThread0      129  263       3       java.lang.Integer::compareTo (9 bytes)

VM state: not at safepoint (normal execution)

VM Mutex/Monitor currently owned by a thread: None

Heap address: 0x0000000703400000, size: 4044 MB, Compressed Oops mode: Zero based, Oop shift amount: 3

CDS archive(s) mapped at: [0x000001632d000000-0x000001632dbb0000-0x000001632dbb0000), size 12255232, SharedBaseAddress: 0x000001632d000000, ArchiveRelocationMode: 1.
Compressed class space mapped at: 0x000001632e000000-0x000001636e000000, reserved size: 1073741824
Narrow klass base: 0x000001632d000000, Narrow klass shift: 0, Narrow klass range: 0x100000000

GC Precious Log:
 CPUs: 12 total, 12 available
 Memory: 16173M
 Large Page Support: Disabled
 NUMA Support: Disabled
 Compressed Oops: Enabled (Zero based)
 Heap Region Size: 2M
 Heap Min Capacity: 8M
 Heap Initial Capacity: 254M
 Heap Max Capacity: 4044M
 Pre-touch: Disabled
 Parallel Workers: 10
 Concurrent Workers: 3
 Concurrent Refinement Workers: 10
 Periodic GC: Disabled

Heap:
 garbage-first heap   total 260096K, used 4096K [0x0000000703400000, 0x0000000800000000)
  region size 2048K, 3 young (6144K), 0 survivors (0K)
 Metaspace       used 434K, committed 640K, reserved 1114112K
  class space    used 17K, committed 128K, reserved 1048576K

Heap Regions: E=young(eden), S=young(survivor), O=old, HS=humongous(starts), HC=humongous(continues), CS=collection set, F=free, OA=open archive, CA=closed archive, TAMS=top-at-mark-start (previous, next)
|   0|0x0000000703400000, 0x0000000703400000, 0x0000000703600000|  0%| F|  |TAMS 0x0000000703400000, 0x0000000703400000| Untracked 
|   1|0x0000000703600000, 0x0000000703600000, 0x0000000703800000|  0%| F|  |TAMS 0x0000000703600000, 0x0000000703600000| Untracked 
|   2|0x0000000703800000, 0x0000000703800000, 0x0000000703a00000|  0%| F|  |TAMS 0x0000000703800000, 0x0000000703800000| Untracked 
|   3|0x0000000703a00000, 0x0000000703a00000, 0x0000000703c00000|  0%| F|  |TAMS 0x0000000703a00000, 0x0000000703a00000| Untracked 
|   4|0x0000000703c00000, 0x0000000703c00000, 0x0000000703e00000|  0%| F|  |TAMS 0x0000000703c00000, 0x0000000703c00000| Untracked 
|   5|0x0000000703e00000, 0x0000000703e00000, 0x0000000704000000|  0%| F|  |TAMS 0x0000000703e00000, 0x0000000703e00000| Untracked 
|   6|0x0000000704000000, 0x0000000704000000, 0x0000000704200000|  0%| F|  |TAMS 0x0000000704000000, 0x0000000704000000| Untracked 
|   7|0x0000000704200000, 0x0000000704200000, 0x0000000704400000|  0%| F|  |TAMS 0x0000000704200000, 0x0000000704200000| Untracked 
|   8|0x0000000704400000, 0x0000000704400000, 0x0000000704600000|  0%| F|  |TAMS 0x0000000704400000, 0x0000000704400000| Untracked 
|   9|0x0000000704600000, 0x0000000704600000, 0x0000000704800000|  0%| F|  |TAMS 0x0000000704600000, 0x0000000704600000| Untracked 
|  10|0x0000000704800000, 0x0000000704800000, 0x0000000704a00000|  0%| F|  |TAMS 0x0000000704800000, 0x0000000704800000| Untracked 
|  11|0x0000000704a00000, 0x0000000704a00000, 0x0000000704c00000|  0%| F|  |TAMS 0x0000000704a00000, 0x0000000704a00000| Untracked 
|  12|0x0000000704c00000, 0x0000000704c00000, 0x0000000704e00000|  0%| F|  |TAMS 0x0000000704c00000, 0x0000000704c00000| Untracked 
|  13|0x0000000704e00000, 0x0000000704e00000, 0x0000000705000000|  0%| F|  |TAMS 0x0000000704e00000, 0x0000000704e00000| Untracked 
|  14|0x0000000705000000, 0x0000000705000000, 0x0000000705200000|  0%| F|  |TAMS 0x0000000705000000, 0x0000000705000000| Untracked 
|  15|0x0000000705200000, 0x0000000705200000, 0x0000000705400000|  0%| F|  |TAMS 0x0000000705200000, 0x0000000705200000| Untracked 
|  16|0x0000000705400000, 0x0000000705400000, 0x0000000705600000|  0%| F|  |TAMS 0x0000000705400000, 0x0000000705400000| Untracked 
|  17|0x0000000705600000, 0x0000000705600000, 0x0000000705800000|  0%| F|  |TAMS 0x0000000705600000, 0x0000000705600000| Untracked 
|  18|0x0000000705800000, 0x0000000705800000, 0x0000000705a00000|  0%| F|  |TAMS 0x0000000705800000, 0x0000000705800000| Untracked 
|  19|0x0000000705a00000, 0x0000000705a00000, 0x0000000705c00000|  0%| F|  |TAMS 0x0000000705a00000, 0x0000000705a00000| Untracked 
|  20|0x0000000705c00000, 0x0000000705c00000, 0x0000000705e00000|  0%| F|  |TAMS 0x0000000705c00000, 0x0000000705c00000| Untracked 
|  21|0x0000000705e00000, 0x0000000705e00000, 0x0000000706000000|  0%| F|  |TAMS 0x0000000705e00000, 0x0000000705e00000| Untracked 
|  22|0x0000000706000000, 0x0000000706000000, 0x0000000706200000|  0%| F|  |TAMS 0x0000000706000000, 0x0000000706000000| Untracked 
|  23|0x0000000706200000, 0x0000000706200000, 0x0000000706400000|  0%| F|  |TAMS 0x0000000706200000, 0x0000000706200000| Untracked 
|  24|0x0000000706400000, 0x0000000706400000, 0x0000000706600000|  0%| F|  |TAMS 0x0000000706400000, 0x0000000706400000| Untracked 
|  25|0x0000000706600000, 0x0000000706600000, 0x0000000706800000|  0%| F|  |TAMS 0x0000000706600000, 0x0000000706600000| Untracked 
|  26|0x0000000706800000, 0x0000000706800000, 0x0000000706a00000|  0%| F|  |TAMS 0x0000000706800000, 0x0000000706800000| Untracked 
|  27|0x0000000706a00000, 0x0000000706a00000, 0x0000000706c00000|  0%| F|  |TAMS 0x0000000706a00000, 0x0000000706a00000| Untracked 
|  28|0x0000000706c00000, 0x0000000706c00000, 0x0000000706e00000|  0%| F|  |TAMS 0x0000000706c00000, 0x0000000706c00000| Untracked 
|  29|0x0000000706e00000, 0x0000000706e00000, 0x0000000707000000|  0%| F|  |TAMS 0x0000000706e00000, 0x0000000706e00000| Untracked 
|  30|0x0000000707000000, 0x0000000707000000, 0x0000000707200000|  0%| F|  |TAMS 0x0000000707000000, 0x0000000707000000| Untracked 
|  31|0x0000000707200000, 0x0000000707200000, 0x0000000707400000|  0%| F|  |TAMS 0x0000000707200000, 0x0000000707200000| Untracked 
|  32|0x0000000707400000, 0x0000000707400000, 0x0000000707600000|  0%| F|  |TAMS 0x0000000707400000, 0x0000000707400000| Untracked 
|  33|0x0000000707600000, 0x0000000707600000, 0x0000000707800000|  0%| F|  |TAMS 0x0000000707600000, 0x0000000707600000| Untracked 
|  34|0x0000000707800000, 0x0000000707800000, 0x0000000707a00000|  0%| F|  |TAMS 0x0000000707800000, 0x0000000707800000| Untracked 
|  35|0x0000000707a00000, 0x0000000707a00000, 0x0000000707c00000|  0%| F|  |TAMS 0x0000000707a00000, 0x0000000707a00000| Untracked 
|  36|0x0000000707c00000, 0x0000000707c00000, 0x0000000707e00000|  0%| F|  |TAMS 0x0000000707c00000, 0x0000000707c00000| Untracked 
|  37|0x0000000707e00000, 0x0000000707e00000, 0x0000000708000000|  0%| F|  |TAMS 0x0000000707e00000, 0x0000000707e00000| Untracked 
|  38|0x0000000708000000, 0x0000000708000000, 0x0000000708200000|  0%| F|  |TAMS 0x0000000708000000, 0x0000000708000000| Untracked 
|  39|0x0000000708200000, 0x0000000708200000, 0x0000000708400000|  0%| F|  |TAMS 0x0000000708200000, 0x0000000708200000| Untracked 
|  40|0x0000000708400000, 0x0000000708400000, 0x0000000708600000|  0%| F|  |TAMS 0x0000000708400000, 0x0000000708400000| Untracked 
|  41|0x0000000708600000, 0x0000000708600000, 0x0000000708800000|  0%| F|  |TAMS 0x0000000708600000, 0x0000000708600000| Untracked 
|  42|0x0000000708800000, 0x0000000708800000, 0x0000000708a00000|  0%| F|  |TAMS 0x0000000708800000, 0x0000000708800000| Untracked 
|  43|0x0000000708a00000, 0x0000000708a00000, 0x0000000708c00000|  0%| F|  |TAMS 0x0000000708a00000, 0x0000000708a00000| Untracked 
|  44|0x0000000708c00000, 0x0000000708c00000, 0x0000000708e00000|  0%| F|  |TAMS 0x0000000708c00000, 0x0000000708c00000| Untracked 
|  45|0x0000000708e00000, 0x0000000708e00000, 0x0000000709000000|  0%| F|  |TAMS 0x0000000708e00000, 0x0000000708e00000| Untracked 
|  46|0x0000000709000000, 0x0000000709000000, 0x0000000709200000|  0%| F|  |TAMS 0x0000000709000000, 0x0000000709000000| Untracked 
|  47|0x0000000709200000, 0x0000000709200000, 0x0000000709400000|  0%| F|  |TAMS 0x0000000709200000, 0x0000000709200000| Untracked 
|  48|0x0000000709400000, 0x0000000709400000, 0x0000000709600000|  0%| F|  |TAMS 0x0000000709400000, 0x0000000709400000| Untracked 
|  49|0x0000000709600000, 0x0000000709600000, 0x0000000709800000|  0%| F|  |TAMS 0x0000000709600000, 0x0000000709600000| Untracked 
|  50|0x0000000709800000, 0x0000000709800000, 0x0000000709a00000|  0%| F|  |TAMS 0x0000000709800000, 0x0000000709800000| Untracked 
|  51|0x0000000709a00000, 0x0000000709a00000, 0x0000000709c00000|  0%| F|  |TAMS 0x0000000709a00000, 0x0000000709a00000| Untracked 
|  52|0x0000000709c00000, 0x0000000709c00000, 0x0000000709e00000|  0%| F|  |TAMS 0x0000000709c00000, 0x0000000709c00000| Untracked 
|  53|0x0000000709e00000, 0x0000000709e00000, 0x000000070a000000|  0%| F|  |TAMS 0x0000000709e00000, 0x0000000709e00000| Untracked 
|  54|0x000000070a000000, 0x000000070a000000, 0x000000070a200000|  0%| F|  |TAMS 0x000000070a000000, 0x000000070a000000| Untracked 
|  55|0x000000070a200000, 0x000000070a200000, 0x000000070a400000|  0%| F|  |TAMS 0x000000070a200000, 0x000000070a200000| Untracked 
|  56|0x000000070a400000, 0x000000070a400000, 0x000000070a600000|  0%| F|  |TAMS 0x000000070a400000, 0x000000070a400000| Untracked 
|  57|0x000000070a600000, 0x000000070a600000, 0x000000070a800000|  0%| F|  |TAMS 0x000000070a600000, 0x000000070a600000| Untracked 
|  58|0x000000070a800000, 0x000000070a800000, 0x000000070aa00000|  0%| F|  |TAMS 0x000000070a800000, 0x000000070a800000| Untracked 
|  59|0x000000070aa00000, 0x000000070aa00000, 0x000000070ac00000|  0%| F|  |TAMS 0x000000070aa00000, 0x000000070aa00000| Untracked 
|  60|0x000000070ac00000, 0x000000070ac00000, 0x000000070ae00000|  0%| F|  |TAMS 0x000000070ac00000, 0x000000070ac00000| Untracked 
|  61|0x000000070ae00000, 0x000000070ae00000, 0x000000070b000000|  0%| F|  |TAMS 0x000000070ae00000, 0x000000070ae00000| Untracked 
|  62|0x000000070b000000, 0x000000070b000000, 0x000000070b200000|  0%| F|  |TAMS 0x000000070b000000, 0x000000070b000000| Untracked 
|  63|0x000000070b200000, 0x000000070b200000, 0x000000070b400000|  0%| F|  |TAMS 0x000000070b200000, 0x000000070b200000| Untracked 
|  64|0x000000070b400000, 0x000000070b400000, 0x000000070b600000|  0%| F|  |TAMS 0x000000070b400000, 0x000000070b400000| Untracked 
|  65|0x000000070b600000, 0x000000070b600000, 0x000000070b800000|  0%| F|  |TAMS 0x000000070b600000, 0x000000070b600000| Untracked 
|  66|0x000000070b800000, 0x000000070b800000, 0x000000070ba00000|  0%| F|  |TAMS 0x000000070b800000, 0x000000070b800000| Untracked 
|  67|0x000000070ba00000, 0x000000070ba00000, 0x000000070bc00000|  0%| F|  |TAMS 0x000000070ba00000, 0x000000070ba00000| Untracked 
|  68|0x000000070bc00000, 0x000000070bc00000, 0x000000070be00000|  0%| F|  |TAMS 0x000000070bc00000, 0x000000070bc00000| Untracked 
|  69|0x000000070be00000, 0x000000070be00000, 0x000000070c000000|  0%| F|  |TAMS 0x000000070be00000, 0x000000070be00000| Untracked 
|  70|0x000000070c000000, 0x000000070c000000, 0x000000070c200000|  0%| F|  |TAMS 0x000000070c000000, 0x000000070c000000| Untracked 
|  71|0x000000070c200000, 0x000000070c200000, 0x000000070c400000|  0%| F|  |TAMS 0x000000070c200000, 0x000000070c200000| Untracked 
|  72|0x000000070c400000, 0x000000070c400000, 0x000000070c600000|  0%| F|  |TAMS 0x000000070c400000, 0x000000070c400000| Untracked 
|  73|0x000000070c600000, 0x000000070c600000, 0x000000070c800000|  0%| F|  |TAMS 0x000000070c600000, 0x000000070c600000| Untracked 
|  74|0x000000070c800000, 0x000000070c800000, 0x000000070ca00000|  0%| F|  |TAMS 0x000000070c800000, 0x000000070c800000| Untracked 
|  75|0x000000070ca00000, 0x000000070ca00000, 0x000000070cc00000|  0%| F|  |TAMS 0x000000070ca00000, 0x000000070ca00000| Untracked 
|  76|0x000000070cc00000, 0x000000070cc00000, 0x000000070ce00000|  0%| F|  |TAMS 0x000000070cc00000, 0x000000070cc00000| Untracked 
|  77|0x000000070ce00000, 0x000000070ce00000, 0x000000070d000000|  0%| F|  |TAMS 0x000000070ce00000, 0x000000070ce00000| Untracked 
|  78|0x000000070d000000, 0x000000070d000000, 0x000000070d200000|  0%| F|  |TAMS 0x000000070d000000, 0x000000070d000000| Untracked 
|  79|0x000000070d200000, 0x000000070d200000, 0x000000070d400000|  0%| F|  |TAMS 0x000000070d200000, 0x000000070d200000| Untracked 
|  80|0x000000070d400000, 0x000000070d400000, 0x000000070d600000|  0%| F|  |TAMS 0x000000070d400000, 0x000000070d400000| Untracked 
|  81|0x000000070d600000, 0x000000070d600000, 0x000000070d800000|  0%| F|  |TAMS 0x000000070d600000, 0x000000070d600000| Untracked 
|  82|0x000000070d800000, 0x000000070d800000, 0x000000070da00000|  0%| F|  |TAMS 0x000000070d800000, 0x000000070d800000| Untracked 
|  83|0x000000070da00000, 0x000000070da00000, 0x000000070dc00000|  0%| F|  |TAMS 0x000000070da00000, 0x000000070da00000| Untracked 
|  84|0x000000070dc00000, 0x000000070dc00000, 0x000000070de00000|  0%| F|  |TAMS 0x000000070dc00000, 0x000000070dc00000| Untracked 
|  85|0x000000070de00000, 0x000000070de00000, 0x000000070e000000|  0%| F|  |TAMS 0x000000070de00000, 0x000000070de00000| Untracked 
|  86|0x000000070e000000, 0x000000070e000000, 0x000000070e200000|  0%| F|  |TAMS 0x000000070e000000, 0x000000070e000000| Untracked 
|  87|0x000000070e200000, 0x000000070e200000, 0x000000070e400000|  0%| F|  |TAMS 0x000000070e200000, 0x000000070e200000| Untracked 
|  88|0x000000070e400000, 0x000000070e400000, 0x000000070e600000|  0%| F|  |TAMS 0x000000070e400000, 0x000000070e400000| Untracked 
|  89|0x000000070e600000, 0x000000070e600000, 0x000000070e800000|  0%| F|  |TAMS 0x000000070e600000, 0x000000070e600000| Untracked 
|  90|0x000000070e800000, 0x000000070e800000, 0x000000070ea00000|  0%| F|  |TAMS 0x000000070e800000, 0x000000070e800000| Untracked 
|  91|0x000000070ea00000, 0x000000070ea00000, 0x000000070ec00000|  0%| F|  |TAMS 0x000000070ea00000, 0x000000070ea00000| Untracked 
|  92|0x000000070ec00000, 0x000000070ec00000, 0x000000070ee00000|  0%| F|  |TAMS 0x000000070ec00000, 0x000000070ec00000| Untracked 
|  93|0x000000070ee00000, 0x000000070ee00000, 0x000000070f000000|  0%| F|  |TAMS 0x000000070ee00000, 0x000000070ee00000| Untracked 
|  94|0x000000070f000000, 0x000000070f000000, 0x000000070f200000|  0%| F|  |TAMS 0x000000070f000000, 0x000000070f000000| Untracked 
|  95|0x000000070f200000, 0x000000070f200000, 0x000000070f400000|  0%| F|  |TAMS 0x000000070f200000, 0x000000070f200000| Untracked 
|  96|0x000000070f400000, 0x000000070f400000, 0x000000070f600000|  0%| F|  |TAMS 0x000000070f400000, 0x000000070f400000| Untracked 
|  97|0x000000070f600000, 0x000000070f600000, 0x000000070f800000|  0%| F|  |TAMS 0x000000070f600000, 0x000000070f600000| Untracked 
|  98|0x000000070f800000, 0x000000070f800000, 0x000000070fa00000|  0%| F|  |TAMS 0x000000070f800000, 0x000000070f800000| Untracked 
|  99|0x000000070fa00000, 0x000000070fa00000, 0x000000070fc00000|  0%| F|  |TAMS 0x000000070fa00000, 0x000000070fa00000| Untracked 
| 100|0x000000070fc00000, 0x000000070fc00000, 0x000000070fe00000|  0%| F|  |TAMS 0x000000070fc00000, 0x000000070fc00000| Untracked 
| 101|0x000000070fe00000, 0x000000070fe00000, 0x0000000710000000|  0%| F|  |TAMS 0x000000070fe00000, 0x000000070fe00000| Untracked 
| 102|0x0000000710000000, 0x0000000710000000, 0x0000000710200000|  0%| F|  |TAMS 0x0000000710000000, 0x0000000710000000| Untracked 
| 103|0x0000000710200000, 0x0000000710200000, 0x0000000710400000|  0%| F|  |TAMS 0x0000000710200000, 0x0000000710200000| Untracked 
| 104|0x0000000710400000, 0x0000000710400000, 0x0000000710600000|  0%| F|  |TAMS 0x0000000710400000, 0x0000000710400000| Untracked 
| 105|0x0000000710600000, 0x0000000710600000, 0x0000000710800000|  0%| F|  |TAMS 0x0000000710600000, 0x0000000710600000| Untracked 
| 106|0x0000000710800000, 0x0000000710800000, 0x0000000710a00000|  0%| F|  |TAMS 0x0000000710800000, 0x0000000710800000| Untracked 
| 107|0x0000000710a00000, 0x0000000710a00000, 0x0000000710c00000|  0%| F|  |TAMS 0x0000000710a00000, 0x0000000710a00000| Untracked 
| 108|0x0000000710c00000, 0x0000000710c00000, 0x0000000710e00000|  0%| F|  |TAMS 0x0000000710c00000, 0x0000000710c00000| Untracked 
| 109|0x0000000710e00000, 0x0000000710e00000, 0x0000000711000000|  0%| F|  |TAMS 0x0000000710e00000, 0x0000000710e00000| Untracked 
| 110|0x0000000711000000, 0x0000000711000000, 0x0000000711200000|  0%| F|  |TAMS 0x0000000711000000, 0x0000000711000000| Untracked 
| 111|0x0000000711200000, 0x0000000711200000, 0x0000000711400000|  0%| F|  |TAMS 0x0000000711200000, 0x0000000711200000| Untracked 
| 112|0x0000000711400000, 0x0000000711400000, 0x0000000711600000|  0%| F|  |TAMS 0x0000000711400000, 0x0000000711400000| Untracked 
| 113|0x0000000711600000, 0x0000000711600000, 0x0000000711800000|  0%| F|  |TAMS 0x0000000711600000, 0x0000000711600000| Untracked 
| 114|0x0000000711800000, 0x0000000711800000, 0x0000000711a00000|  0%| F|  |TAMS 0x0000000711800000, 0x0000000711800000| Untracked 
| 115|0x0000000711a00000, 0x0000000711a00000, 0x0000000711c00000|  0%| F|  |TAMS 0x0000000711a00000, 0x0000000711a00000| Untracked 
| 116|0x0000000711c00000, 0x0000000711c00000, 0x0000000711e00000|  0%| F|  |TAMS 0x0000000711c00000, 0x0000000711c00000| Untracked 
| 117|0x0000000711e00000, 0x0000000711e00000, 0x0000000712000000|  0%| F|  |TAMS 0x0000000711e00000, 0x0000000711e00000| Untracked 
| 118|0x0000000712000000, 0x0000000712000000, 0x0000000712200000|  0%| F|  |TAMS 0x0000000712000000, 0x0000000712000000| Untracked 
| 119|0x0000000712200000, 0x0000000712200000, 0x0000000712400000|  0%| F|  |TAMS 0x0000000712200000, 0x0000000712200000| Untracked 
| 120|0x0000000712400000, 0x0000000712400000, 0x0000000712600000|  0%| F|  |TAMS 0x0000000712400000, 0x0000000712400000| Untracked 
| 121|0x0000000712600000, 0x0000000712600000, 0x0000000712800000|  0%| F|  |TAMS 0x0000000712600000, 0x0000000712600000| Untracked 
| 122|0x0000000712800000, 0x0000000712800000, 0x0000000712a00000|  0%| F|  |TAMS 0x0000000712800000, 0x0000000712800000| Untracked 
| 123|0x0000000712a00000, 0x0000000712ab9970, 0x0000000712c00000| 36%| E|  |TAMS 0x0000000712a00000, 0x0000000712a00000| Complete 
| 124|0x0000000712c00000, 0x0000000712debe38, 0x0000000712e00000| 96%| E|  |TAMS 0x0000000712c00000, 0x0000000712c00000| Complete 
| 125|0x0000000712e00000, 0x0000000713000000, 0x0000000713000000|100%| E|CS|TAMS 0x0000000712e00000, 0x0000000712e00000| Complete 
| 126|0x0000000713000000, 0x0000000713200000, 0x0000000713200000|100%| E|CS|TAMS 0x0000000713000000, 0x0000000713000000| Complete 

Card table byte_map: [0x00000163204e0000,0x0000016320cd0000] _byte_map_base: 0x000001631ccc6000

Marking Bits (Prev, Next): (CMBitMap*) 0x0000016306df0cc0, (CMBitMap*) 0x0000016306df0d00
 Prev Bits: [0x00000163214c0000, 0x00000163253f0000)
 Next Bits: [0x00000163253f0000, 0x0000016329320000)

Polling page: 0x0000016310040000

Metaspace:

Usage:
  Non-class:    423.27 KB used.
      Class:     17.98 KB used.
       Both:    441.25 KB used.

Virtual space:
  Non-class space:       64.00 MB reserved,     512.00 KB ( <1%) committed,  1 nodes.
      Class space:        1.00 GB reserved,     128.00 KB ( <1%) committed,  1 nodes.
             Both:        1.06 GB reserved,     640.00 KB ( <1%) committed. 

Chunk freelists:
   Non-Class:  12.00 MB
       Class:  15.75 MB
        Both:  27.75 MB

MaxMetaspaceSize: unlimited
CompressedClassSpaceSize: 1.00 GB
Initial GC threshold: 21.00 MB
Current GC threshold: 21.00 MB
CDS: on
MetaspaceReclaimPolicy: balanced
 - commit_granule_bytes: 65536.
 - commit_granule_words: 8192.
 - virtual_space_node_default_size: 8388608.
 - enlarge_chunks_in_place: 1.
 - new_chunks_are_fully_committed: 0.
 - uncommit_free_chunks: 1.
 - use_allocation_guard: 0.
 - handle_deallocations: 1.


Internal statistics:

num_allocs_failed_limit: 0.
num_arena_births: 4.
num_arena_deaths: 0.
num_vsnodes_births: 2.
num_vsnodes_deaths: 0.
num_space_committed: 10.
num_space_uncommitted: 0.
num_chunks_returned_to_freelist: 0.
num_chunks_taken_from_freelist: 5.
num_chunk_merges: 0.
num_chunk_splits: 3.
num_chunks_enlarged: 1.
num_inconsistent_stats: 0.

CodeHeap 'non-profiled nmethods': size=120000Kb used=74Kb max_used=74Kb free=119925Kb
 bounds [0x0000016317b30000, 0x0000016317da0000, 0x000001631f060000]
CodeHeap 'profiled nmethods': size=120000Kb used=348Kb max_used=348Kb free=119651Kb
 bounds [0x0000016310060000, 0x00000163102d0000, 0x0000016317590000]
CodeHeap 'non-nmethods': size=5760Kb used=1096Kb max_used=1110Kb free=4663Kb
 bounds [0x0000016317590000, 0x0000016317800000, 0x0000016317b30000]
 total_blobs=633 nmethods=264 adapters=282
 compilation: enabled
              stopped_count=0, restarted_count=0
 full_count=0

Compilation events (20 events):
Event: 0.116 Thread 0x000001632c07bdf0  224       3       jdk.internal.util.Preconditions::checkFromIndexSize (25 bytes)
Event: 0.116 Thread 0x000001632c073330  227       4       java.lang.CharacterDataLatin1::toLowerCase (39 bytes)
Event: 0.116 Thread 0x000001632c07bdf0 nmethod 224 0x00000163100a4010 code [0x00000163100a41c0, 0x00000163100a4388]
Event: 0.117 Thread 0x000001632c07bdf0  228       1       java.util.jar.Attributes$Name::hashCode (5 bytes)
Event: 0.117 Thread 0x000001632c07bdf0 nmethod 228 0x0000016317b40e90 code [0x0000016317b41020, 0x0000016317b410f8]
Event: 0.117 Thread 0x000001632c07bdf0  229  s    3       java.io.ByteArrayOutputStream::write (43 bytes)
Event: 0.117 Thread 0x000001632c07bdf0 nmethod 229 0x00000163100a4490 code [0x00000163100a4660, 0x00000163100a4b08]
Event: 0.117 Thread 0x000001632c07bdf0  230       3       java.io.ByteArrayOutputStream::ensureCapacity (32 bytes)
Event: 0.117 Thread 0x000001632c073330 nmethod 227 0x0000016317b41190 code [0x0000016317b41300, 0x0000016317b413f8]
Event: 0.117 Thread 0x000001632c07bdf0 nmethod 230 0x00000163100a4d10 code [0x00000163100a4ee0, 0x00000163100a5298]
Event: 0.117 Thread 0x000001632c07bdf0  231       3       java.lang.ref.Reference::<init> (25 bytes)
Event: 0.117 Thread 0x000001632c07bdf0 nmethod 231 0x00000163100a5410 code [0x00000163100a55c0, 0x00000163100a5858]
Event: 0.117 Thread 0x000001632c07bdf0  232       1       java.util.zip.Inflater$InflaterZStreamRef::address (5 bytes)
Event: 0.117 Thread 0x000001632c07bdf0 nmethod 232 0x0000016317b41510 code [0x0000016317b416a0, 0x0000016317b41778]
Event: 0.117 Thread 0x000001632c073330  233       4       java.lang.AbstractStringBuilder::ensureCapacityInternal (39 bytes)
Event: 0.117 Thread 0x000001632c07bdf0  234       3       java.lang.StringLatin1::toLowerCase (186 bytes)
Event: 0.118 Thread 0x000001632c07bdf0 nmethod 234 0x00000163100a5910 code [0x00000163100a5b80, 0x00000163100a66d8]
Event: 0.118 Thread 0x000001632c07bdf0  235       3       java.lang.AbstractStringBuilder::newCapacity (59 bytes)
Event: 0.118 Thread 0x000001632c07bdf0 nmethod 235 0x00000163100a6b10 code [0x00000163100a6ce0, 0x00000163100a70d8]
Event: 0.118 Thread 0x000001632c07bdf0  239       1       java.net.URL::getHost (5 bytes)

GC Heap History (0 events):
No events

Dll operation events (7 events):
Event: 0.010 Loaded shared library C:\Users\ander\.jdks\corretto-17.0.10\bin\java.dll
Event: 0.027 Loaded shared library C:\Users\ander\.jdks\corretto-17.0.10\bin\jsvml.dll
Event: 0.090 Loaded shared library C:\Users\ander\.jdks\corretto-17.0.10\bin\zip.dll
Event: 0.094 Loaded shared library C:\Users\ander\.jdks\corretto-17.0.10\bin\instrument.dll
Event: 0.100 Loaded shared library C:\Users\ander\.jdks\corretto-17.0.10\bin\net.dll
Event: 0.101 Loaded shared library C:\Users\ander\.jdks\corretto-17.0.10\bin\nio.dll
Event: 0.103 Loaded shared library C:\Users\ander\.jdks\corretto-17.0.10\bin\zip.dll

Deoptimization events (14 events):
Event: 0.109 Thread 0x0000016306d82770 DEOPT PACKING pc=0x0000016310090f0c sp=0x0000000d98dfe0d0
Event: 0.109 Thread 0x0000016306d82770 DEOPT UNPACKING pc=0x00000163175e7143 sp=0x0000000d98dfd560 mode 0
Event: 0.109 Thread 0x0000016306d82770 DEOPT PACKING pc=0x0000016310090f0c sp=0x0000000d98dfe0d0
Event: 0.109 Thread 0x0000016306d82770 DEOPT UNPACKING pc=0x00000163175e7143 sp=0x0000000d98dfd560 mode 0
Event: 0.109 Thread 0x0000016306d82770 DEOPT PACKING pc=0x0000016310090f0c sp=0x0000000d98dfe0d0
Event: 0.109 Thread 0x0000016306d82770 DEOPT UNPACKING pc=0x00000163175e7143 sp=0x0000000d98dfd560 mode 0
Event: 0.110 Thread 0x0000016306d82770 Uncommon trap: trap_request=0xffffff45 fr.pc=0x0000016317b3d7b4 relative=0x00000000000008d4
Event: 0.110 Thread 0x0000016306d82770 Uncommon trap: reason=unstable_if action=reinterpret pc=0x0000016317b3d7b4 method=java.util.HashMap.putVal(ILjava/lang/Object;Ljava/lang/Object;ZZ)Ljava/lang/Object; @ 181 c2
Event: 0.110 Thread 0x0000016306d82770 DEOPT PACKING pc=0x0000016317b3d7b4 sp=0x0000000d98dfeab0
Event: 0.110 Thread 0x0000016306d82770 DEOPT UNPACKING pc=0x00000163175e69a3 sp=0x0000000d98dfea60 mode 2
Event: 0.110 Thread 0x0000016306d82770 DEOPT PACKING pc=0x0000016310090f0c sp=0x0000000d98dfe0d0
Event: 0.110 Thread 0x0000016306d82770 DEOPT UNPACKING pc=0x00000163175e7143 sp=0x0000000d98dfd560 mode 0
Event: 0.111 Thread 0x0000016306d82770 DEOPT PACKING pc=0x0000016310090f0c sp=0x0000000d98dfe0d0
Event: 0.111 Thread 0x0000016306d82770 DEOPT UNPACKING pc=0x00000163175e7143 sp=0x0000000d98dfd560 mode 0

Classes unloaded (0 events):
No events

Classes redefined (0 events):
No events

Internal exceptions (0 events):
No events

VM Operations (2 events):
Event: 0.081 Executing VM operation: HandshakeAllThreads
Event: 0.081 Executing VM operation: HandshakeAllThreads done

Events (20 events):
Event: 0.093 loading class java/lang/instrument/Instrumentation done
Event: 0.093 loading class sun/instrument/InstrumentationImpl done
Event: 0.094 loading class sun/instrument/TransformerManager
Event: 0.094 loading class sun/instrument/TransformerManager done
Event: 0.094 loading class sun/instrument/TransformerManager$TransformerInfo
Event: 0.094 loading class sun/instrument/TransformerManager$TransformerInfo done
Event: 0.095 loading class jdk/internal/loader/URLClassPath$FileLoader
Event: 0.095 loading class jdk/internal/loader/URLClassPath$FileLoader done
Event: 0.107 loading class java/io/BufferedReader
Event: 0.107 loading class java/io/Reader
Event: 0.108 loading class java/io/Reader done
Event: 0.108 loading class java/io/BufferedReader done
Event: 0.108 loading class java/io/InputStreamReader
Event: 0.108 loading class java/io/InputStreamReader done
Event: 0.108 loading class sun/nio/cs/StreamDecoder
Event: 0.108 loading class sun/nio/cs/StreamDecoder done
Event: 0.108 loading class sun/nio/cs/UTF_8$Decoder
Event: 0.108 loading class sun/nio/cs/UTF_8$Decoder done
Event: 0.108 loading class java/util/Vector
Event: 0.108 loading class java/util/Vector done


Dynamic libraries:
0x00007ff798950000 - 0x00007ff79895e000 	C:\Users\ander\.jdks\corretto-17.0.10\bin\java.exe
0x00007ffbf8010000 - 0x00007ffbf8226000 	C:\Windows\SYSTEM32\ntdll.dll
0x00007ffbf7e20000 - 0x00007ffbf7ee4000 	C:\Windows\System32\KERNEL32.DLL
0x00007ffbf59b0000 - 0x00007ffbf5d56000 	C:\Windows\System32\KERNELBASE.dll
0x00007ffbf55f0000 - 0x00007ffbf5701000 	C:\Windows\System32\ucrtbase.dll
0x00007ffbd14d0000 - 0x00007ffbd14e7000 	C:\Users\ander\.jdks\corretto-17.0.10\bin\jli.dll
0x00007ffbd14f0000 - 0x00007ffbd150b000 	C:\Users\ander\.jdks\corretto-17.0.10\bin\VCRUNTIME140.dll
0x00007ffbf61b0000 - 0x00007ffbf635d000 	C:\Windows\System32\USER32.dll
0x00007ffbf5740000 - 0x00007ffbf5766000 	C:\Windows\System32\win32u.dll
0x00007ffbe0020000 - 0x00007ffbe02b3000 	C:\Windows\WinSxS\amd64_microsoft.windows.common-controls_6595b64144ccf1df_6.0.22621.3235_none_270f74e173860f98\COMCTL32.dll
0x00007ffbf6f60000 - 0x00007ffbf6f89000 	C:\Windows\System32\GDI32.dll
0x00007ffbf6470000 - 0x00007ffbf6517000 	C:\Windows\System32\msvcrt.dll
0x00007ffbf5810000 - 0x00007ffbf5928000 	C:\Windows\System32\gdi32full.dll
0x00007ffbf5770000 - 0x00007ffbf580a000 	C:\Windows\System32\msvcp_win.dll
0x00007ffbf6b80000 - 0x00007ffbf6bb1000 	C:\Windows\System32\IMM32.DLL
0x00007ffbd8c70000 - 0x00007ffbd8c7c000 	C:\Users\ander\.jdks\corretto-17.0.10\bin\vcruntime140_1.dll
0x00007ffb6f610000 - 0x00007ffb6f69d000 	C:\Users\ander\.jdks\corretto-17.0.10\bin\msvcp140.dll
0x00007ffb569d0000 - 0x00007ffb57632000 	C:\Users\ander\.jdks\corretto-17.0.10\bin\server\jvm.dll
0x00007ffbf5d60000 - 0x00007ffbf5e12000 	C:\Windows\System32\ADVAPI32.dll
0x00007ffbf65f0000 - 0x00007ffbf6698000 	C:\Windows\System32\sechost.dll
0x00007ffbf5710000 - 0x00007ffbf5738000 	C:\Windows\System32\bcrypt.dll
0x00007ffbf6d90000 - 0x00007ffbf6ea5000 	C:\Windows\System32\RPCRT4.dll
0x00007ffbf41e0000 - 0x00007ffbf422d000 	C:\Windows\SYSTEM32\POWRPROF.dll
0x00007ffbcf860000 - 0x00007ffbcf869000 	C:\Windows\SYSTEM32\WSOCK32.dll
0x00007ffbeed20000 - 0x00007ffbeed54000 	C:\Windows\SYSTEM32\WINMM.dll
0x00007ffbec2e0000 - 0x00007ffbec2ea000 	C:\Windows\SYSTEM32\VERSION.dll
0x00007ffbf7da0000 - 0x00007ffbf7e11000 	C:\Windows\System32\WS2_32.dll
0x00007ffbf41c0000 - 0x00007ffbf41d3000 	C:\Windows\SYSTEM32\UMPDC.dll
0x00007ffbf4480000 - 0x00007ffbf4498000 	C:\Windows\SYSTEM32\kernel.appcore.dll
0x00007ffbd7c10000 - 0x00007ffbd7c1a000 	C:\Users\ander\.jdks\corretto-17.0.10\bin\jimage.dll
0x00007ffbeca70000 - 0x00007ffbecca3000 	C:\Windows\SYSTEM32\DBGHELP.DLL
0x00007ffbf5e20000 - 0x00007ffbf61a8000 	C:\Windows\System32\combase.dll
0x00007ffbf7ef0000 - 0x00007ffbf7fc7000 	C:\Windows\System32\OLEAUT32.dll
0x00007ffbcc250000 - 0x00007ffbcc282000 	C:\Windows\SYSTEM32\dbgcore.DLL
0x00007ffbf5930000 - 0x00007ffbf59aa000 	C:\Windows\System32\bcryptPrimitives.dll
0x00007ffbf2760000 - 0x00007ffbf276e000 	C:\Users\ander\.jdks\corretto-17.0.10\bin\instrument.dll
0x00007ffbd14a0000 - 0x00007ffbd14c5000 	C:\Users\ander\.jdks\corretto-17.0.10\bin\java.dll
0x00007ffb6f530000 - 0x00007ffb6f607000 	C:\Users\ander\.jdks\corretto-17.0.10\bin\jsvml.dll
0x00007ffbf6f90000 - 0x00007ffbf77ed000 	C:\Windows\System32\SHELL32.dll
0x00007ffbf32c0000 - 0x00007ffbf3bb8000 	C:\Windows\SYSTEM32\windows.storage.dll
0x00007ffbf3180000 - 0x00007ffbf32be000 	C:\Windows\SYSTEM32\wintypes.dll
0x00007ffbf6840000 - 0x00007ffbf6933000 	C:\Windows\System32\SHCORE.dll
0x00007ffbf6360000 - 0x00007ffbf63be000 	C:\Windows\System32\shlwapi.dll
0x00007ffbf5280000 - 0x00007ffbf52a6000 	C:\Windows\SYSTEM32\profapi.dll
0x00007ffbd0200000 - 0x00007ffbd0218000 	C:\Users\ander\.jdks\corretto-17.0.10\bin\zip.dll
0x00007ffbd1250000 - 0x00007ffbd1269000 	C:\Users\ander\.jdks\corretto-17.0.10\bin\net.dll
0x00007ffbef880000 - 0x00007ffbef9b7000 	C:\Windows\SYSTEM32\WINHTTP.dll
0x00007ffbf4900000 - 0x00007ffbf4969000 	C:\Windows\system32\mswsock.dll
0x00007ffbd0e10000 - 0x00007ffbd0e26000 	C:\Users\ander\.jdks\corretto-17.0.10\bin\nio.dll

dbghelp: loaded successfully - version: 4.0.5 - missing functions: none
symbol engine: initialized successfully - sym options: 0x614 - pdb path: .;C:\Users\ander\.jdks\corretto-17.0.10\bin;C:\Windows\SYSTEM32;C:\Windows\WinSxS\amd64_microsoft.windows.common-controls_6595b64144ccf1df_6.0.22621.3235_none_270f74e173860f98;C:\Users\ander\.jdks\corretto-17.0.10\bin\server

VM Arguments:
jvm_args: -javaagent:C:\Program Files\JetBrains\IntelliJ IDEA Community Edition 2023.2.4\lib\idea_rt.jar=64646:C:\Program Files\JetBrains\IntelliJ IDEA Community Edition 2023.2.4\bin -Dfile.encoding=UTF-8 
java_command: com.example.demo.DemoApplication
java_class_path (initial): C:\Users\ander\Downloads\demo\target\classes;C:\Users\ander\.m2\repository\org\springframework\boot\spring-boot-starter-web\3.1.9\spring-boot-starter-web-3.1.9.jar;C:\Users\ander\.m2\repository\org\springframework\boot\spring-boot-starter\3.1.9\spring-boot-starter-3.1.9.jar;C:\Users\ander\.m2\repository\org\springframework\boot\spring-boot\3.1.9\spring-boot-3.1.9.jar;C:\Users\ander\.m2\repository\org\springframework\boot\spring-boot-autoconfigure\3.1.9\spring-boot-autoconfigure-3.1.9.jar;C:\Users\ander\.m2\repository\org\springframework\boot\spring-boot-starter-logging\3.1.9\spring-boot-starter-logging-3.1.9.jar;C:\Users\ander\.m2\repository\ch\qos\logback\logback-classic\1.4.14\logback-classic-1.4.14.jar;C:\Users\ander\.m2\repository\ch\qos\logback\logback-core\1.4.14\logback-core-1.4.14.jar;C:\Users\ander\.m2\repository\org\apache\logging\log4j\log4j-to-slf4j\2.20.0\log4j-to-slf4j-2.20.0.jar;C:\Users\ander\.m2\repository\org\apache\logging\log4j\log4j-api\2.20.0\log4j-api-2.20.0.jar;C:\Users\ander\.m2\repository\org\slf4j\jul-to-slf4j\2.0.12\jul-to-slf4j-2.0.12.jar;C:\Users\ander\.m2\repository\jakarta\annotation\jakarta.annotation-api\2.1.1\jakarta.annotation-api-2.1.1.jar;C:\Users\ander\.m2\repository\org\yaml\snakeyaml\1.33\snakeyaml-1.33.jar;C:\Users\ander\.m2\repository\org\springframework\boot\spring-boot-starter-json\3.1.9\spring-boot-starter-json-3.1.9.jar;C:\Users\ander\.m2\repository\com\fasterxml\jackson\core\jackson-databind\2.15.4\jackson-databind-2.15.4.jar;C:\Users\ander\.m2\repository\com\fasterxml\jackson\core\jackson-annotations\2.15.4\jackson-annotations-2.15.4.jar;C:\Users\ander\.m2\repository\com\fasterxml\jackson\core\jackson-core\2.15.4\jackson-core-2.15.4.jar;C:\Users\ander\.m2\repository\com\fasterxml\jackson\datatype\jackson-datatype-jdk8\2.15.4\jackson-datatype-jdk8-2.15.4.jar;C:\Users\ander\.m2\repository\com\fasterxml\jackson\datatype\jackson-datatype-jsr310\2.15.4\jackson-datatype-jsr310-2.15.4.jar;C:\User
Launcher Type: SUN_STANDARD

[Global flags]
     intx CICompilerCount                          = 4                                         {product} {ergonomic}
     uint ConcGCThreads                            = 3                                         {product} {ergonomic}
     uint G1ConcRefinementThreads                  = 10                                        {product} {ergonomic}
   size_t G1HeapRegionSize                         = 2097152                                   {product} {ergonomic}
    uintx GCDrainStackTargetSize                   = 64                                        {product} {ergonomic}
   size_t InitialHeapSize                          = 266338304                                 {product} {ergonomic}
   size_t MarkStackSize                            = 4194304                                   {product} {ergonomic}
   size_t MaxHeapSize                              = 4240441344                                {product} {ergonomic}
   size_t MaxNewSize                               = 2543845376                                {product} {ergonomic}
   size_t MinHeapDeltaBytes                        = 2097152                                   {product} {ergonomic}
   size_t MinHeapSize                              = 8388608                                   {product} {ergonomic}
    uintx NonNMethodCodeHeapSize                   = 5839372                                {pd product} {ergonomic}
    uintx NonProfiledCodeHeapSize                  = 122909434                              {pd product} {ergonomic}
    uintx ProfiledCodeHeapSize                     = 122909434                              {pd product} {ergonomic}
    uintx ReservedCodeCacheSize                    = 251658240                              {pd product} {ergonomic}
     bool SegmentedCodeCache                       = true                                      {product} {ergonomic}
   size_t SoftMaxHeapSize                          = 4240441344                             {manageable} {ergonomic}
     bool UseCompressedClassPointers               = true                           {product lp64_product} {ergonomic}
     bool UseCompressedOops                        = true                           {product lp64_product} {ergonomic}
     bool UseG1GC                                  = true                                      {product} {ergonomic}
     bool UseLargePagesIndividualAllocation        = false                                  {pd product} {ergonomic}

Logging:
Log output configuration:
 #0: stdout all=warning uptime,level,tags
 #1: stderr all=off uptime,level,tags

Environment Variables:
PATH=C:\Windows\system32;C:\Windows;C:\Windows\System32\Wbem;C:\Windows\System32\WindowsPowerShell\v1.0\;C:\Windows\System32\OpenSSH\;C:\Program Files\Git\cmd;C:\Program Files\nodejs\;C:\Users\ander\AppData\Local\Programs\Python\Python312\Scripts\;C:\Users\ander\AppData\Local\Programs\Python\Python312\;C:\Users\ander\AppData\Local\Microsoft\WindowsApps;;C:\Users\ander\AppData\Local\Programs\Microsoft VS Code\bin;C:\Users\ander\AppData\Roaming\npm
USERNAME=ander
OS=Windows_NT
PROCESSOR_IDENTIFIER=AMD64 Family 25 Model 80 Stepping 0, AuthenticAMD
TMP=C:\Users\ander\AppData\Local\Temp
TEMP=C:\Users\ander\AppData\Local\Temp



Periodic native trim disabled


---------------  S Y S T E M  ---------------

OS:
 Windows 11 , 64 bit Build 22621 (10.0.22621.3235)
OS uptime: 0 days 6:47 hours

CPU: total 12 (initial active 12) (12 cores per cpu, 2 threads per core) family 25 model 80 stepping 0 microcode 0x0, cx8, cmov, fxsr, ht, mmx, 3dnowpref, sse, sse2, sse3, ssse3, sse4a, sse4.1, sse4.2, popcnt, lzcnt, tsc, tscinvbit, avx, avx2, aes, erms, clmul, bmi1, bmi2, adx, sha, fma, vzeroupper, clflush, clflushopt
Processor Information for all 12 processors :
  Max Mhz: 3901, Current Mhz: 3901, Mhz Limit: 3901

Memory: 4k page, system-wide physical 16173M (3705M free)
TotalPageFile size 25290M (AvailPageFile size 3M)
current process WorkingSet (physical memory assigned to process): 44M, peak: 44M
current process commit charge ("private bytes"): 348M, peak: 348M

vm_info: OpenJDK 64-Bit Server VM (17.0.10+7-LTS) for windows-amd64 JRE (17.0.10+7-LTS), built on Jan 10 2024 22:11:07 by "Administrator" with MS VC++ 16.10 / 16.11 (VS2019)

END.
