#
# There is insufficient memory for the Java Runtime Environment to continue.
# Native memory allocation (mmap) failed to map 266338304 bytes for G1 virtual space
# Possible reasons:
#   The system is out of physical RAM or swap space
#   The process is running with CompressedOops enabled, and the Java Heap may be blocking the growth of the native heap
# Possible solutions:
#   Reduce memory load on the system
#   Increase physical memory or swap space
#   Check if swap backing store is full
#   Decrease Java heap size (-Xmx/-Xms)
#   Decrease number of Java threads
#   Decrease Java thread stack sizes (-Xss)
#   Set larger code cache with -XX:ReservedCodeCacheSize=
#   JVM is running with Zero Based Compressed Oops mode in which the Java heap is
#     placed in the first 32GB address space. The Java Heap base address is the
#     maximum limit for the native heap growth. Please use -XX:HeapBaseMinAddress
#     to set the Java Heap base and to place the Java Heap above 32GB virtual address.
# This output file may be truncated or incomplete.
#
#  Out of Memory Error (os_windows.cpp:3613), pid=24464, tid=24512
#
# JRE version:  (17.0.10+7) (build )
# Java VM: OpenJDK 64-Bit Server VM (17.0.10+7-LTS, mixed mode, sharing, tiered, compressed oops, compressed class ptrs, g1 gc, windows-amd64)
# No core dump will be written. Minidumps are not enabled by default on client versions of Windows
#

---------------  S U M M A R Y ------------

Command Line: -javaagent:C:\Program Files\JetBrains\IntelliJ IDEA Community Edition 2023.2.4\lib\idea_rt.jar=64740:C:\Program Files\JetBrains\IntelliJ IDEA Community Edition 2023.2.4\bin -Dfile.encoding=UTF-8 com.example.demo.DemoApplication

Host: AMD Ryzen 5 5600G with Radeon Graphics         , 12 cores, 15G,  Windows 11 , 64 bit Build 22621 (10.0.22621.3235)
Time: Sun Mar 17 00:18:47 2024 Hora est. Pacífico, Sudamérica elapsed time: 0.011126 seconds (0d 0h 0m 0s)

---------------  T H R E A D  ---------------

Current thread (0x0000027518670910):  JavaThread "Unknown thread" [_thread_in_vm, id=24512, stack(0x000000a7c7500000,0x000000a7c7600000)]

Stack: [0x000000a7c7500000,0x000000a7c7600000]
Native frames: (J=compiled Java code, j=interpreted, Vv=VM code, C=native code)
V  [jvm.dll+0x67d2c9]
V  [jvm.dll+0x834b1a]
V  [jvm.dll+0x8365de]
V  [jvm.dll+0x836c43]
V  [jvm.dll+0x2477ff]
V  [jvm.dll+0x67a109]
V  [jvm.dll+0x66eb7a]
V  [jvm.dll+0x30764b]
V  [jvm.dll+0x30eaf6]
V  [jvm.dll+0x35e83e]
V  [jvm.dll+0x35ea6f]
V  [jvm.dll+0x2de248]
V  [jvm.dll+0x2df1b4]
V  [jvm.dll+0x806381]
V  [jvm.dll+0x36c6f1]
V  [jvm.dll+0x7e4e26]
V  [jvm.dll+0x3eff3f]
V  [jvm.dll+0x3f1b71]
C  [jli.dll+0x528f]
C  [ucrtbase.dll+0x29363]
C  [KERNEL32.DLL+0x1257d]
C  [ntdll.dll+0x5aa58]


---------------  P R O C E S S  ---------------

Threads class SMR info:
_java_thread_list=0x00007ffb574fee98, length=0, elements={
}

Java Threads: ( => current thread )

Other Threads:
  0x00000275186de840 GCTaskThread "GC Thread#0" [stack: 0x000000a7c7600000,0x000000a7c7700000] [id=24516]
  0x00000275186ef450 ConcurrentGCThread "G1 Main Marker" [stack: 0x000000a7c7700000,0x000000a7c7800000] [id=24520]
  0x00000275186f0610 ConcurrentGCThread "G1 Conc#0" [stack: 0x000000a7c7800000,0x000000a7c7900000] [id=24524]

[error occurred during error reporting (printing all threads), id 0xc0000005, EXCEPTION_ACCESS_VIOLATION (0xc0000005) at pc=0x00007ffb56cbec87]

VM state: not at safepoint (not fully initialized)

VM Mutex/Monitor currently owned by a thread:  ([mutex/lock_event])
[0x000002751866cef0] Heap_lock - owner thread: 0x0000027518670910

Heap address: 0x0000000703400000, size: 4044 MB, Compressed Oops mode: Zero based, Oop shift amount: 3

CDS archive(s) mapped at: [0x0000000000000000-0x0000000000000000-0x0000000000000000), size 0, SharedBaseAddress: 0x0000000800000000, ArchiveRelocationMode: 1.
Narrow klass base: 0x0000000000000000, Narrow klass shift: 0, Narrow klass range: 0x0

GC Precious Log:
<Empty>

Heap:
 garbage-first heap   total 0K, used 0K [0x0000000703400000, 0x0000000800000000)
  region size 2048K, 0 young (0K), 0 survivors (0K)

[error occurred during error reporting (printing heap information), id 0xc0000005, EXCEPTION_ACCESS_VIOLATION (0xc0000005) at pc=0x00007ffb570a6fb9]

GC Heap History (0 events):
No events

Dll operation events (1 events):
Event: 0.007 Loaded shared library C:\Users\ander\.jdks\corretto-17.0.10\bin\java.dll

Deoptimization events (0 events):
No events

Classes unloaded (0 events):
No events

Classes redefined (0 events):
No events

Internal exceptions (0 events):
No events

VM Operations (0 events):
No events

Events (0 events):
No events


Dynamic libraries:
0x00007ff798950000 - 0x00007ff79895e000 	C:\Users\ander\.jdks\corretto-17.0.10\bin\java.exe
0x00007ffbf8010000 - 0x00007ffbf8226000 	C:\Windows\SYSTEM32\ntdll.dll
0x00007ffbf7e20000 - 0x00007ffbf7ee4000 	C:\Windows\System32\KERNEL32.DLL
0x00007ffbf59b0000 - 0x00007ffbf5d56000 	C:\Windows\System32\KERNELBASE.dll
0x00007ffbf55f0000 - 0x00007ffbf5701000 	C:\Windows\System32\ucrtbase.dll
0x00007ffbd14d0000 - 0x00007ffbd14e7000 	C:\Users\ander\.jdks\corretto-17.0.10\bin\jli.dll
0x00007ffbd14f0000 - 0x00007ffbd150b000 	C:\Users\ander\.jdks\corretto-17.0.10\bin\VCRUNTIME140.dll
0x00007ffbf61b0000 - 0x00007ffbf635d000 	C:\Windows\System32\USER32.dll
0x00007ffbe0020000 - 0x00007ffbe02b3000 	C:\Windows\WinSxS\amd64_microsoft.windows.common-controls_6595b64144ccf1df_6.0.22621.3235_none_270f74e173860f98\COMCTL32.dll
0x00007ffbf5740000 - 0x00007ffbf5766000 	C:\Windows\System32\win32u.dll
0x00007ffbf6470000 - 0x00007ffbf6517000 	C:\Windows\System32\msvcrt.dll
0x00007ffbf6f60000 - 0x00007ffbf6f89000 	C:\Windows\System32\GDI32.dll
0x00007ffbf5810000 - 0x00007ffbf5928000 	C:\Windows\System32\gdi32full.dll
0x00007ffbf5770000 - 0x00007ffbf580a000 	C:\Windows\System32\msvcp_win.dll
0x00007ffbf6b80000 - 0x00007ffbf6bb1000 	C:\Windows\System32\IMM32.DLL
0x00007ffbd8c70000 - 0x00007ffbd8c7c000 	C:\Users\ander\.jdks\corretto-17.0.10\bin\vcruntime140_1.dll
0x00007ffb6f610000 - 0x00007ffb6f69d000 	C:\Users\ander\.jdks\corretto-17.0.10\bin\msvcp140.dll
0x00007ffb569d0000 - 0x00007ffb57632000 	C:\Users\ander\.jdks\corretto-17.0.10\bin\server\jvm.dll
0x00007ffbf5d60000 - 0x00007ffbf5e12000 	C:\Windows\System32\ADVAPI32.dll
0x00007ffbf65f0000 - 0x00007ffbf6698000 	C:\Windows\System32\sechost.dll
0x00007ffbf5710000 - 0x00007ffbf5738000 	C:\Windows\System32\bcrypt.dll
0x00007ffbf6d90000 - 0x00007ffbf6ea5000 	C:\Windows\System32\RPCRT4.dll
0x00007ffbf41e0000 - 0x00007ffbf422d000 	C:\Windows\SYSTEM32\POWRPROF.dll
0x00007ffbcf860000 - 0x00007ffbcf869000 	C:\Windows\SYSTEM32\WSOCK32.dll
0x00007ffbeed20000 - 0x00007ffbeed54000 	C:\Windows\SYSTEM32\WINMM.dll
0x00007ffbf7da0000 - 0x00007ffbf7e11000 	C:\Windows\System32\WS2_32.dll
0x00007ffbec2e0000 - 0x00007ffbec2ea000 	C:\Windows\SYSTEM32\VERSION.dll
0x00007ffbf41c0000 - 0x00007ffbf41d3000 	C:\Windows\SYSTEM32\UMPDC.dll
0x00007ffbf4480000 - 0x00007ffbf4498000 	C:\Windows\SYSTEM32\kernel.appcore.dll
0x00007ffbd7c10000 - 0x00007ffbd7c1a000 	C:\Users\ander\.jdks\corretto-17.0.10\bin\jimage.dll
0x00007ffbeca70000 - 0x00007ffbecca3000 	C:\Windows\SYSTEM32\DBGHELP.DLL
0x00007ffbf5e20000 - 0x00007ffbf61a8000 	C:\Windows\System32\combase.dll
0x00007ffbf7ef0000 - 0x00007ffbf7fc7000 	C:\Windows\System32\OLEAUT32.dll
0x00007ffbcc250000 - 0x00007ffbcc282000 	C:\Windows\SYSTEM32\dbgcore.DLL
0x00007ffbf5930000 - 0x00007ffbf59aa000 	C:\Windows\System32\bcryptPrimitives.dll
0x00007ffbf2760000 - 0x00007ffbf276e000 	C:\Users\ander\.jdks\corretto-17.0.10\bin\instrument.dll
0x00007ffbd14a0000 - 0x00007ffbd14c5000 	C:\Users\ander\.jdks\corretto-17.0.10\bin\java.dll

dbghelp: loaded successfully - version: 4.0.5 - missing functions: none
symbol engine: initialized successfully - sym options: 0x614 - pdb path: .;C:\Users\ander\.jdks\corretto-17.0.10\bin;C:\Windows\SYSTEM32;C:\Windows\WinSxS\amd64_microsoft.windows.common-controls_6595b64144ccf1df_6.0.22621.3235_none_270f74e173860f98;C:\Users\ander\.jdks\corretto-17.0.10\bin\server

VM Arguments:
jvm_args: -javaagent:C:\Program Files\JetBrains\IntelliJ IDEA Community Edition 2023.2.4\lib\idea_rt.jar=64740:C:\Program Files\JetBrains\IntelliJ IDEA Community Edition 2023.2.4\bin -Dfile.encoding=UTF-8 
java_command: com.example.demo.DemoApplication
java_class_path (initial): C:\Users\ander\Downloads\demo\target\classes;C:\Users\ander\.m2\repository\org\springframework\boot\spring-boot-starter-web\3.1.9\spring-boot-starter-web-3.1.9.jar;C:\Users\ander\.m2\repository\org\springframework\boot\spring-boot-starter\3.1.9\spring-boot-starter-3.1.9.jar;C:\Users\ander\.m2\repository\org\springframework\boot\spring-boot\3.1.9\spring-boot-3.1.9.jar;C:\Users\ander\.m2\repository\org\springframework\boot\spring-boot-autoconfigure\3.1.9\spring-boot-autoconfigure-3.1.9.jar;C:\Users\ander\.m2\repository\org\springframework\boot\spring-boot-starter-logging\3.1.9\spring-boot-starter-logging-3.1.9.jar;C:\Users\ander\.m2\repository\ch\qos\logback\logback-classic\1.4.14\logback-classic-1.4.14.jar;C:\Users\ander\.m2\repository\ch\qos\logback\logback-core\1.4.14\logback-core-1.4.14.jar;C:\Users\ander\.m2\repository\org\apache\logging\log4j\log4j-to-slf4j\2.20.0\log4j-to-slf4j-2.20.0.jar;C:\Users\ander\.m2\repository\org\apache\logging\log4j\log4j-api\2.20.0\log4j-api-2.20.0.jar;C:\Users\ander\.m2\repository\org\slf4j\jul-to-slf4j\2.0.12\jul-to-slf4j-2.0.12.jar;C:\Users\ander\.m2\repository\jakarta\annotation\jakarta.annotation-api\2.1.1\jakarta.annotation-api-2.1.1.jar;C:\Users\ander\.m2\repository\org\yaml\snakeyaml\1.33\snakeyaml-1.33.jar;C:\Users\ander\.m2\repository\org\springframework\boot\spring-boot-starter-json\3.1.9\spring-boot-starter-json-3.1.9.jar;C:\Users\ander\.m2\repository\com\fasterxml\jackson\core\jackson-databind\2.15.4\jackson-databind-2.15.4.jar;C:\Users\ander\.m2\repository\com\fasterxml\jackson\core\jackson-annotations\2.15.4\jackson-annotations-2.15.4.jar;C:\Users\ander\.m2\repository\com\fasterxml\jackson\core\jackson-core\2.15.4\jackson-core-2.15.4.jar;C:\Users\ander\.m2\repository\com\fasterxml\jackson\datatype\jackson-datatype-jdk8\2.15.4\jackson-datatype-jdk8-2.15.4.jar;C:\Users\ander\.m2\repository\com\fasterxml\jackson\datatype\jackson-datatype-jsr310\2.15.4\jackson-datatype-jsr310-2.15.4.jar;C:\User
Launcher Type: SUN_STANDARD

[Global flags]
     intx CICompilerCount                          = 4                                         {product} {ergonomic}
     uint ConcGCThreads                            = 3                                         {product} {ergonomic}
     uint G1ConcRefinementThreads                  = 10                                        {product} {ergonomic}
   size_t G1HeapRegionSize                         = 2097152                                   {product} {ergonomic}
    uintx GCDrainStackTargetSize                   = 64                                        {product} {ergonomic}
   size_t InitialHeapSize                          = 266338304                                 {product} {ergonomic}
   size_t MarkStackSize                            = 4194304                                   {product} {ergonomic}
   size_t MaxHeapSize                              = 4240441344                                {product} {ergonomic}
   size_t MinHeapDeltaBytes                        = 2097152                                   {product} {ergonomic}
   size_t MinHeapSize                              = 8388608                                   {product} {ergonomic}
    uintx NonNMethodCodeHeapSize                   = 5839372                                {pd product} {ergonomic}
    uintx NonProfiledCodeHeapSize                  = 122909434                              {pd product} {ergonomic}
    uintx ProfiledCodeHeapSize                     = 122909434                              {pd product} {ergonomic}
    uintx ReservedCodeCacheSize                    = 251658240                              {pd product} {ergonomic}
     bool SegmentedCodeCache                       = true                                      {product} {ergonomic}
   size_t SoftMaxHeapSize                          = 4240441344                             {manageable} {ergonomic}
     bool UseCompressedClassPointers               = true                           {product lp64_product} {ergonomic}
     bool UseCompressedOops                        = true                           {product lp64_product} {ergonomic}
     bool UseG1GC                                  = true                                      {product} {ergonomic}
     bool UseLargePagesIndividualAllocation        = false                                  {pd product} {ergonomic}

Logging:
Log output configuration:
 #0: stdout all=warning uptime,level,tags
 #1: stderr all=off uptime,level,tags

Environment Variables:
PATH=C:\Windows\system32;C:\Windows;C:\Windows\System32\Wbem;C:\Windows\System32\WindowsPowerShell\v1.0\;C:\Windows\System32\OpenSSH\;C:\Program Files\Git\cmd;C:\Program Files\nodejs\;C:\Users\ander\AppData\Local\Programs\Python\Python312\Scripts\;C:\Users\ander\AppData\Local\Programs\Python\Python312\;C:\Users\ander\AppData\Local\Microsoft\WindowsApps;;C:\Users\ander\AppData\Local\Programs\Microsoft VS Code\bin;C:\Users\ander\AppData\Roaming\npm
USERNAME=ander
OS=Windows_NT
PROCESSOR_IDENTIFIER=AMD64 Family 25 Model 80 Stepping 0, AuthenticAMD
TMP=C:\Users\ander\AppData\Local\Temp
TEMP=C:\Users\ander\AppData\Local\Temp



Periodic native trim disabled


---------------  S Y S T E M  ---------------

OS:
 Windows 11 , 64 bit Build 22621 (10.0.22621.3235)
OS uptime: 0 days 6:49 hours

CPU: total 12 (initial active 12) (12 cores per cpu, 2 threads per core) family 25 model 80 stepping 0 microcode 0x0, cx8, cmov, fxsr, ht, mmx, 3dnowpref, sse, sse2, sse3, ssse3, sse4a, sse4.1, sse4.2, popcnt, lzcnt, tsc, tscinvbit, avx, avx2, aes, erms, clmul, bmi1, bmi2, adx, sha, fma, vzeroupper, clflush, clflushopt
Processor Information for all 12 processors :
  Max Mhz: 3901, Current Mhz: 3901, Mhz Limit: 3901

Memory: 4k page, system-wide physical 16173M (3690M free)
TotalPageFile size 25290M (AvailPageFile size 66M)
current process WorkingSet (physical memory assigned to process): 11M, peak: 11M
current process commit charge ("private bytes"): 64M, peak: 318M

vm_info: OpenJDK 64-Bit Server VM (17.0.10+7-LTS) for windows-amd64 JRE (17.0.10+7-LTS), built on Jan 10 2024 22:11:07 by "Administrator" with MS VC++ 16.10 / 16.11 (VS2019)

END.
